<?xml version="1.0" encoding="UTF-8"?>
<testsuite name="ghost.SupportingClassTest" tests="5" skipped="0" failures="0" errors="0" timestamp="2020-11-16T11:40:33" hostname="OWYA-PC" time="0.022">
  <properties/>
  <testcase name="constructorTest()" classname="ghost.SupportingClassTest" time="0.001"/>
  <testcase name="findGhostStartTest()" classname="ghost.SupportingClassTest" time="0.005"/>
  <testcase name="mazePathTest()" classname="ghost.SupportingClassTest" time="0.001"/>
  <testcase name="readLinesTest()" classname="ghost.SupportingClassTest" time="0.005"/>
  <testcase name="findPlayerStartTest()" classname="ghost.SupportingClassTest" time="0.006"/>
  <system-out><![CDATA[]]></system-out>
  <system-err><![CDATA[]]></system-err>
</testsuite>
