<?xml version="1.0" encoding="UTF-8"?>
<testsuite name="ghost.AppTest" tests="1" skipped="0" failures="0" errors="0" timestamp="2020-11-16T11:40:32" hostname="OWYA-PC" time="0.001">
  <properties/>
  <testcase name="simpleTest()" classname="ghost.AppTest" time="0.001"/>
  <system-out><![CDATA[]]></system-out>
  <system-err><![CDATA[]]></system-err>
</testsuite>
