<?xml version="1.0" encoding="UTF-8"?>
<testsuite name="ghost.AmbusherTest" tests="4" skipped="0" failures="0" errors="0" timestamp="2020-11-16T11:40:31" hostname="OWYA-PC" time="0.185">
  <properties/>
  <testcase name="constructorTest()" classname="ghost.AmbusherTest" time="0.062"/>
  <testcase name="upOrDownCornerTest()" classname="ghost.AmbusherTest" time="0.005"/>
  <testcase name="upOrDownTest()" classname="ghost.AmbusherTest" time="0.053"/>
  <testcase name="tickTest()" classname="ghost.AmbusherTest" time="0.064"/>
  <system-out><![CDATA[red
red
red
red
red
red
red
red
false
false
false
false
]]></system-out>
  <system-err><![CDATA[]]></system-err>
</testsuite>
