<?xml version="1.0" encoding="UTF-8"?>
<testsuite name="ghost.ChaserTest" tests="4" skipped="0" failures="0" errors="0" timestamp="2020-11-16T11:40:32" hostname="OWYA-PC" time="0.066">
  <properties/>
  <testcase name="constructorTest()" classname="ghost.ChaserTest" time="0.004"/>
  <testcase name="upOrDownCornerTest()" classname="ghost.ChaserTest" time="0.006"/>
  <testcase name="upOrDownTest()" classname="ghost.ChaserTest" time="0.021"/>
  <testcase name="tickTest()" classname="ghost.ChaserTest" time="0.031"/>
  <system-out><![CDATA[red
red
red
red
red
red
red
red
false
false
false
false
]]></system-out>
  <system-err><![CDATA[]]></system-err>
</testsuite>
