<?xml version="1.0" encoding="UTF-8"?>
<testsuite name="ghost.WhimTest" tests="4" skipped="0" failures="0" errors="0" timestamp="2020-11-16T11:40:33" hostname="OWYA-PC" time="0.107">
  <properties/>
  <testcase name="constructorTest()" classname="ghost.WhimTest" time="0.002"/>
  <testcase name="upOrDownCornerTest()" classname="ghost.WhimTest" time="0.002"/>
  <testcase name="upOrDownTest()" classname="ghost.WhimTest" time="0.024"/>
  <testcase name="tickTest()" classname="ghost.WhimTest" time="0.076"/>
  <system-out><![CDATA[red
red
red
red
red
red
red
red
false
false
false
false
]]></system-out>
  <system-err><![CDATA[]]></system-err>
</testsuite>
